<?xml version="1.0" encoding="UTF-8"?>
<testng-results ignored="0" total="3" passed="3" failed="0" skipped="0">
  <reporter-output>
    <line>
      <![CDATA[Application menu clicked successfully]]>
    </line>
    <line>
      <![CDATA[Application menu clicked successfully]]>
    </line>
    <line>
      <![CDATA[Application menu clicked successfully]]>
    </line>
  </reporter-output>
  <suite started-at="2026-02-04T13:08:02 IST" name="suiteTest" finished-at="2026-02-04T13:08:26 IST" duration-ms="24052">
    <groups>
    </groups>
    <test started-at="2026-02-04T13:08:02 IST" name="applicationModuleV12" finished-at="2026-02-04T13:08:26 IST" duration-ms="24052">
      <class name="testcases.TC_Revert">
        <test-method is-config="true" signature="setUp()[pri:0, instance:testcases.TC_Revert@2f4948e4]" started-at="2026-02-04T13:08:11 IST" name="setUp" finished-at="2026-02-04T13:08:15 IST" duration-ms="3368" status="PASS">
          <reporter-output>
          </reporter-output>
        </test-method> <!-- setUp -->
        <test-method signature="campus()[pri:0, instance:testcases.TC_Revert@2f4948e4]" started-at="2026-02-04T13:08:15 IST" name="campus" finished-at="2026-02-04T13:08:18 IST" duration-ms="3137" status="PASS">
          <reporter-output>
            <line>
              <![CDATA[Application menu clicked successfully]]>
            </line>
          </reporter-output>
        </test-method> <!-- campus -->
        <test-method is-config="true" signature="tearDown()[pri:0, instance:testcases.TC_Revert@2f4948e4]" started-at="2026-02-04T13:08:18 IST" name="tearDown" finished-at="2026-02-04T13:08:18 IST" duration-ms="2" status="PASS">
          <reporter-output>
          </reporter-output>
        </test-method> <!-- tearDown -->
      </class> <!-- testcases.TC_Revert -->
      <class name="testcases.TC_update12">
        <test-method is-config="true" signature="setUp()[pri:0, instance:testcases.TC_update12@1f2586d6]" started-at="2026-02-04T13:08:18 IST" name="setUp" finished-at="2026-02-04T13:08:22 IST" duration-ms="4315" status="PASS">
          <reporter-output>
          </reporter-output>
        </test-method> <!-- setUp -->
        <test-method signature="campus()[pri:0, instance:testcases.TC_update12@1f2586d6]" started-at="2026-02-04T13:08:22 IST" name="campus" finished-at="2026-02-04T13:08:26 IST" duration-ms="3675" status="PASS">
          <reporter-output>
            <line>
              <![CDATA[Application menu clicked successfully]]>
            </line>
          </reporter-output>
        </test-method> <!-- campus -->
        <test-method is-config="true" signature="tearDown()[pri:0, instance:testcases.TC_update12@1f2586d6]" started-at="2026-02-04T13:08:26 IST" name="tearDown" finished-at="2026-02-04T13:08:26 IST" duration-ms="0" status="PASS">
          <reporter-output>
          </reporter-output>
        </test-method> <!-- tearDown -->
      </class> <!-- testcases.TC_update12 -->
      <class name="testcases.TC_Branch12">
        <test-method is-config="true" signature="setUp()[pri:0, instance:testcases.TC_Branch12@1573f9fc]" started-at="2026-02-04T13:08:02 IST" name="setUp" finished-at="2026-02-04T13:08:07 IST" duration-ms="5322" status="PASS">
          <reporter-output>
          </reporter-output>
        </test-method> <!-- setUp -->
        <test-method signature="campus()[pri:0, instance:testcases.TC_Branch12@1573f9fc]" started-at="2026-02-04T13:08:07 IST" name="campus" finished-at="2026-02-04T13:08:11 IST" duration-ms="4106" status="PASS">
          <reporter-output>
            <line>
              <![CDATA[Application menu clicked successfully]]>
            </line>
          </reporter-output>
        </test-method> <!-- campus -->
        <test-method is-config="true" signature="tearDown()[pri:0, instance:testcases.TC_Branch12@1573f9fc]" started-at="2026-02-04T13:08:11 IST" name="tearDown" finished-at="2026-02-04T13:08:11 IST" duration-ms="0" status="PASS">
          <reporter-output>
          </reporter-output>
        </test-method> <!-- tearDown -->
      </class> <!-- testcases.TC_Branch12 -->
    </test> <!-- applicationModuleV12 -->
  </suite> <!-- suiteTest -->
</testng-results>
