<?xml version="1.0" encoding="UTF-8"?>
<testng-results ignored="0" total="1" passed="1" failed="0" skipped="0">
  <reporter-output>
  </reporter-output>
  <suite started-at="2026-01-05T11:37:50 IST" name="Default suite" finished-at="2026-01-05T11:37:57 IST" duration-ms="7734">
    <groups>
    </groups>
    <test started-at="2026-01-05T11:37:50 IST" name="Default test" finished-at="2026-01-05T11:37:57 IST" duration-ms="7734">
      <class name="testcases.TC_Campus_Validations">
        <test-method is-config="true" signature="setUp()[pri:0, instance:testcases.TC_Campus_Validations@4c12331b]" started-at="2026-01-05T11:37:50 IST" name="setUp" finished-at="2026-01-05T11:37:53 IST" duration-ms="3764" status="PASS">
          <reporter-output>
          </reporter-output>
        </test-method> <!-- setUp -->
        <test-method signature="campus()[pri:0, instance:testcases.TC_Campus_Validations@4c12331b]" started-at="2026-01-05T11:37:53 IST" name="campus" finished-at="2026-01-05T11:37:57 IST" duration-ms="3904" status="PASS">
          <reporter-output>
          </reporter-output>
        </test-method> <!-- campus -->
        <test-method is-config="true" signature="tearDown()[pri:0, instance:testcases.TC_Campus_Validations@4c12331b]" started-at="2026-01-05T11:37:57 IST" name="tearDown" finished-at="2026-01-05T11:37:57 IST" duration-ms="7" status="PASS">
          <reporter-output>
          </reporter-output>
        </test-method> <!-- tearDown -->
      </class> <!-- testcases.TC_Campus_Validations -->
    </test> <!-- Default test -->
  </suite> <!-- Default suite -->
</testng-results>
