<?xml version="1.0" encoding="UTF-8"?>
<!-- Generated by org.testng.reporters.JUnitReportReporter -->
<testsuite hostname="varsity-tech-3" failures="0" tests="1" name="testcases.TC_Revert" time="3.137" errors="0" timestamp="2026-02-04T13:08:26 IST" skipped="0">
  <testcase classname="testcases.TC_Revert" name="campus" time="3.137">
    <system-out>
      <![CDATA[Application menu clicked successfully]]>
    </system-out>
  </testcase> <!-- campus -->
  <system-out>
    <![CDATA[Application menu clicked successfully
Application menu clicked successfully
Application menu clicked successfully]]>
  </system-out>
</testsuite> <!-- testcases.TC_Revert -->
