<?xml version="1.0" encoding="UTF-8"?>
<!-- Generated by org.testng.reporters.JUnitReportReporter -->
<testsuite hostname="varsity-tech-3" failures="0" tests="1" name="testcases.TC_Campus_Validations" time="4.298" errors="0" timestamp="2026-01-09T10:45:16 IST" skipped="0">
  <testcase classname="testcases.TC_Campus_Validations" name="campus" time="4.298">
    <system-out>
      <![CDATA[Application menu clicked successfully]]>
    </system-out>
  </testcase> <!-- campus -->
  <system-out>
    <![CDATA[Application menu clicked successfully]]>
  </system-out>
</testsuite> <!-- testcases.TC_Campus_Validations -->
