<?xml version="1.0" encoding="UTF-8"?>
<!-- Generated by org.testng.reporters.JUnitReportReporter -->
<testsuite hostname="varsity-tech-3" failures="0" tests="1" name="testcases.TC_graphvalidtion" time="11.408" errors="0" timestamp="2026-01-08T18:07:07 IST" skipped="0">
  <testcase classname="testcases.TC_graphvalidtion" name="campus" time="11.408">
    <system-out>
      <![CDATA[Application menu clicked successfully]]>
    </system-out>
  </testcase> <!-- campus -->
  <system-out>
    <![CDATA[Application menu clicked successfully]]>
  </system-out>
</testsuite> <!-- testcases.TC_graphvalidtion -->
