<?xml version="1.0" encoding="UTF-8"?>
<!-- Generated by org.testng.reporters.JUnitReportReporter -->
<testsuite hostname="varsity-tech-3" failures="0" tests="1" name="testcases.TC_Branch12" time="4.106" errors="0" timestamp="2026-02-04T13:08:26 IST" skipped="0">
  <testcase classname="testcases.TC_Branch12" name="campus" time="4.106">
    <system-out>
      <![CDATA[Application menu clicked successfully]]>
    </system-out>
  </testcase> <!-- campus -->
  <system-out>
    <![CDATA[Application menu clicked successfully
Application menu clicked successfully
Application menu clicked successfully]]>
  </system-out>
</testsuite> <!-- testcases.TC_Branch12 -->
