<?xml version="1.0" encoding="UTF-8"?>
<!-- Generated by org.testng.reporters.JUnitReportReporter -->
<testsuite hostname="varsity-tech-3" failures="0" tests="1" name="testcases.TC_Graph7" time="8.062" errors="0" timestamp="2026-01-09T11:14:10 IST" skipped="0">
  <testcase classname="testcases.TC_Graph7" name="campus" time="8.062">
    <system-out>
      <![CDATA[Application menu clicked successfully]]>
    </system-out>
  </testcase> <!-- campus -->
  <system-out>
    <![CDATA[Application menu clicked successfully]]>
  </system-out>
</testsuite> <!-- testcases.TC_Graph7 -->
