<?xml version="1.0" encoding="UTF-8"?>
<!-- Generated by org.testng.reporters.JUnitXMLReporter -->
<testsuite ignored="0" hostname="varsity-tech-3" failures="0" tests="3" name="applicationModuleV12" time="24.052" errors="0" timestamp="2026-02-04T13:08:26 IST">
  <testcase classname="testcases.TC_Branch12" name="campus" time="4.106"/>
  <testcase classname="testcases.TC_Revert" name="campus" time="3.137"/>
  <testcase classname="testcases.TC_update12" name="campus" time="3.675"/>
</testsuite> <!-- applicationModuleV12 -->
